2026-03-26 00:41:51,197 - INFO : Starting stock data extraction workflow
2026-03-26 00:41:51,198 - INFO : Starting daily stock bar extraction for 100 symbols from 2026-03-23 to 2026-03-25
2026-03-26 00:41:51,198 - INFO : Requesting daily bars page 1
2026-03-26 00:41:51,884 - INFO : Finished page 1. Running total rows extracted: 270
2026-03-26 00:41:51,884 - INFO : Finished daily stock bar extraction. Total rows extracted: 270
2026-03-26 00:41:51,884 - INFO : Starting stock snapshot extraction for 100 stocks
2026-03-26 00:41:52,235 - INFO : Finished stock snapshot extraction. Total rows extracted: 97
2026-03-26 00:41:52,240 - INFO : Converted 270 rows into DataFrame for fact_stock_bars
2026-03-26 00:41:52,241 - INFO : Converted 97 rows into DataFrame for fact_stock_snapshot
2026-03-26 00:41:52,241 - INFO : Finished stock data extraction workflow
2026-03-26 00:41:52,242 - INFO : Bars rows extracted: 270
2026-03-26 00:41:52,267 - INFO : Bars rows extracted: 270
2026-03-26 00:41:52,267 - INFO : Snapshot rows extracted: 97
2026-03-26 00:44:18,329 - INFO : Starting local extraction and transformation test
2026-03-26 00:44:18,329 - INFO : Starting stock data extraction workflow
2026-03-26 00:44:18,329 - INFO : Starting daily stock bar extraction for 100 symbols from 2023-03-23 to 2026-03-25
2026-03-26 00:44:18,329 - INFO : Requesting daily bars page 1
2026-03-26 00:44:19,130 - INFO : Finished page 1. Running total rows extracted: 10000
2026-03-26 00:44:19,130 - INFO : Requesting daily bars page 2
2026-03-26 00:44:20,194 - INFO : Finished page 2. Running total rows extracted: 20000
2026-03-26 00:44:20,194 - INFO : Requesting daily bars page 3
2026-03-26 00:44:21,171 - INFO : Finished page 3. Running total rows extracted: 30000
2026-03-26 00:44:21,171 - INFO : Requesting daily bars page 4
2026-03-26 00:44:22,043 - INFO : Finished page 4. Running total rows extracted: 40000
2026-03-26 00:44:22,043 - INFO : Requesting daily bars page 5
2026-03-26 00:44:22,835 - INFO : Finished page 5. Running total rows extracted: 50000
2026-03-26 00:44:22,835 - INFO : Requesting daily bars page 6
2026-03-26 00:44:23,677 - INFO : Finished page 6. Running total rows extracted: 60000
2026-03-26 00:44:23,677 - INFO : Requesting daily bars page 7
2026-03-26 00:44:24,585 - INFO : Finished page 7. Running total rows extracted: 70000
2026-03-26 00:44:24,585 - INFO : Requesting daily bars page 8
2026-03-26 00:44:25,000 - INFO : Finished page 8. Running total rows extracted: 70500
2026-03-26 00:44:25,001 - INFO : Finished daily stock bar extraction. Total rows extracted: 70500
2026-03-26 00:44:25,001 - INFO : Starting stock snapshot extraction for 100 stocks
2026-03-26 00:44:25,361 - INFO : Finished stock snapshot extraction. Total rows extracted: 97
2026-03-26 00:44:25,438 - INFO : Converted 70500 rows into DataFrame for fact_stock_bars
2026-03-26 00:44:25,438 - INFO : Converted 97 rows into DataFrame for fact_stock_snapshot
2026-03-26 00:44:25,438 - INFO : Finished stock data extraction workflow
2026-03-26 00:44:25,438 - INFO : Starting transformation for FACT_STOCK_BARS
2026-03-26 00:44:27,220 - INFO : FACT_STOCK_BARS duplicate rows removed: 0
2026-03-26 00:44:27,220 - INFO : FACT_STOCK_BARS valid rows: 70499
2026-03-26 00:44:27,220 - INFO : FACT_STOCK_BARS rejected rows: 1
2026-03-26 00:44:27,220 - INFO : Starting transformation for FACT_STOCK_SNAPSHOT
2026-03-26 00:44:27,225 - INFO : FACT_STOCK_SNAPSHOT duplicate rows removed: 0
2026-03-26 00:44:27,225 - INFO : FACT_STOCK_SNAPSHOT valid rows: 97
2026-03-26 00:44:27,225 - INFO : FACT_STOCK_SNAPSHOT rejected rows: 0
2026-03-26 00:44:27,225 - INFO : Bars clean shape: (70499, 11)
2026-03-26 00:44:27,225 - INFO : Snapshot clean shape: (97, 11)
2026-03-26 01:12:36,211 - INFO : Starting stock data extraction workflow
2026-03-26 01:12:36,211 - INFO : Starting daily stock bar extraction for 100 symbols from 2026-03-23 to 2026-03-25
2026-03-26 01:12:36,211 - INFO : Requesting daily bars page 1
2026-03-26 01:12:37,001 - INFO : Finished page 1. Running total rows extracted: 270
2026-03-26 01:12:37,001 - INFO : Finished daily stock bar extraction. Total rows extracted: 270
2026-03-26 01:12:37,002 - INFO : Starting stock snapshot extraction for 100 stocks
2026-03-26 01:12:37,373 - INFO : Finished stock snapshot extraction. Total rows extracted: 97
2026-03-26 01:12:37,375 - INFO : Converted 270 rows into DataFrame for fact_stock_bars
2026-03-26 01:12:37,375 - INFO : Converted 97 rows into DataFrame for fact_stock_snapshot
2026-03-26 01:12:37,375 - INFO : Finished stock data extraction workflow
2026-03-26 01:12:37,375 - INFO : Bars rows extracted: 270
2026-03-26 01:12:37,387 - INFO : Bars rows extracted: 270
2026-03-26 01:12:37,387 - INFO : Snapshot rows extracted: 97
2026-03-26 01:13:21,737 - INFO : Starting local extraction and transformation test
2026-03-26 01:13:21,737 - INFO : Starting stock data extraction workflow
2026-03-26 01:13:21,737 - INFO : Starting daily stock bar extraction for 100 symbols from 2023-03-23 to 2026-03-25
2026-03-26 01:13:21,737 - INFO : Requesting daily bars page 1
2026-03-26 01:13:22,774 - INFO : Finished page 1. Running total rows extracted: 10000
2026-03-26 01:13:22,774 - INFO : Requesting daily bars page 2
2026-03-26 01:13:23,838 - INFO : Finished page 2. Running total rows extracted: 20000
2026-03-26 01:13:23,839 - INFO : Requesting daily bars page 3
2026-03-26 01:13:24,570 - INFO : Finished page 3. Running total rows extracted: 30000
2026-03-26 01:13:24,570 - INFO : Requesting daily bars page 4
2026-03-26 01:13:25,339 - INFO : Finished page 4. Running total rows extracted: 40000
2026-03-26 01:13:25,339 - INFO : Requesting daily bars page 5
2026-03-26 01:13:26,084 - INFO : Finished page 5. Running total rows extracted: 50000
2026-03-26 01:13:26,084 - INFO : Requesting daily bars page 6
2026-03-26 01:13:26,864 - INFO : Finished page 6. Running total rows extracted: 60000
2026-03-26 01:13:26,864 - INFO : Requesting daily bars page 7
2026-03-26 01:13:27,604 - INFO : Finished page 7. Running total rows extracted: 70000
2026-03-26 01:13:27,604 - INFO : Requesting daily bars page 8
2026-03-26 01:13:27,993 - INFO : Finished page 8. Running total rows extracted: 70500
2026-03-26 01:13:27,994 - INFO : Finished daily stock bar extraction. Total rows extracted: 70500
2026-03-26 01:13:27,994 - INFO : Starting stock snapshot extraction for 100 stocks
2026-03-26 01:13:28,360 - INFO : Finished stock snapshot extraction. Total rows extracted: 97
2026-03-26 01:13:28,467 - INFO : Converted 70500 rows into DataFrame for fact_stock_bars
2026-03-26 01:13:28,467 - INFO : Converted 97 rows into DataFrame for fact_stock_snapshot
2026-03-26 01:13:28,467 - INFO : Finished stock data extraction workflow
2026-03-26 01:13:28,467 - INFO : Starting transformation for FACT_STOCK_BARS
2026-03-26 01:13:30,259 - INFO : FACT_STOCK_BARS duplicate rows removed: 0
2026-03-26 01:13:30,259 - INFO : FACT_STOCK_BARS valid rows: 70499
2026-03-26 01:13:30,259 - INFO : FACT_STOCK_BARS rejected rows: 1
2026-03-26 01:13:30,259 - INFO : Starting transformation for FACT_STOCK_SNAPSHOT
2026-03-26 01:13:30,264 - INFO : FACT_STOCK_SNAPSHOT duplicate rows removed: 0
2026-03-26 01:13:30,264 - INFO : FACT_STOCK_SNAPSHOT valid rows: 97
2026-03-26 01:13:30,264 - INFO : FACT_STOCK_SNAPSHOT rejected rows: 0
2026-03-26 01:13:30,264 - INFO : Bars clean shape: (70499, 11)
2026-03-26 01:13:30,264 - INFO : Snapshot clean shape: (97, 11)
2026-03-26 02:04:21,047 - INFO : Starting local stock feature test
2026-03-26 02:04:21,047 - INFO : Starting stock data extraction workflow
2026-03-26 02:04:21,047 - INFO : Starting daily stock bar extraction for 100 symbols from 2023-01-01 to 2026-03-26
2026-03-26 02:04:21,047 - INFO : Requesting daily bars page 1
2026-03-26 02:04:21,940 - INFO : Finished page 1. Running total rows extracted: 10000
2026-03-26 02:04:21,941 - INFO : Requesting daily bars page 2
2026-03-26 02:04:22,874 - INFO : Finished page 2. Running total rows extracted: 20000
2026-03-26 02:04:22,874 - INFO : Requesting daily bars page 3
2026-03-26 02:04:23,763 - INFO : Finished page 3. Running total rows extracted: 30000
2026-03-26 02:04:23,764 - INFO : Requesting daily bars page 4
2026-03-26 02:04:24,482 - INFO : Finished page 4. Running total rows extracted: 40000
2026-03-26 02:04:24,482 - INFO : Requesting daily bars page 5
2026-03-26 02:04:25,397 - INFO : Finished page 5. Running total rows extracted: 50000
2026-03-26 02:04:25,397 - INFO : Requesting daily bars page 6
2026-03-26 02:04:26,124 - INFO : Finished page 6. Running total rows extracted: 60000
2026-03-26 02:04:26,124 - INFO : Requesting daily bars page 7
2026-03-26 02:04:27,157 - INFO : Finished page 7. Running total rows extracted: 70000
2026-03-26 02:04:27,157 - INFO : Requesting daily bars page 8
2026-03-26 02:04:27,992 - INFO : Finished page 8. Running total rows extracted: 75780
2026-03-26 02:04:27,992 - INFO : Finished daily stock bar extraction. Total rows extracted: 75780
2026-03-26 02:04:27,993 - INFO : Starting stock snapshot extraction for 100 stocks
2026-03-26 02:04:28,352 - INFO : Finished stock snapshot extraction. Total rows extracted: 97
2026-03-26 02:04:28,434 - INFO : Converted 75780 rows into DataFrame for fact_stock_bars
2026-03-26 02:04:28,434 - INFO : Converted 97 rows into DataFrame for fact_stock_snapshot
2026-03-26 02:04:28,434 - INFO : Finished stock data extraction workflow
2026-03-26 02:04:28,434 - INFO : Starting transformation for FACT_STOCK_BARS
2026-03-26 02:04:30,365 - INFO : FACT_STOCK_BARS duplicate rows removed: 0
2026-03-26 02:04:30,365 - INFO : FACT_STOCK_BARS valid rows: 75779
2026-03-26 02:04:30,365 - INFO : FACT_STOCK_BARS rejected rows: 1
2026-03-26 02:04:30,365 - INFO : Starting transformation for FACT_STOCK_SNAPSHOT
2026-03-26 02:04:30,370 - INFO : FACT_STOCK_SNAPSHOT duplicate rows removed: 0
2026-03-26 02:04:30,370 - INFO : FACT_STOCK_SNAPSHOT valid rows: 97
2026-03-26 02:04:30,370 - INFO : FACT_STOCK_SNAPSHOT rejected rows: 0
2026-03-26 02:04:30,370 - INFO : Starting full stock feature workflow
2026-03-26 02:04:30,370 - INFO : Starting daily stock feature derivation
2026-03-26 02:04:30,547 - INFO : Finished daily stock feature derivation. Rows: 75779
2026-03-26 02:04:30,547 - INFO : Starting snapshot feature derivation
2026-03-26 02:04:30,559 - INFO : Finished snapshot feature derivation. Rows: 97
2026-03-26 02:04:30,559 - INFO : Finished full stock feature workflow
2026-03-26 02:04:30,559 - INFO : Daily feature table shape: (75779, 43)
2026-03-26 02:04:30,559 - INFO : Snapshot feature table shape: (97, 38)
2026-03-26 02:04:30,559 - INFO : Daily feature table head:
  symbol             bar_timestamp                  bar_date    open     high      low  ...  market_return_21d  market_return_63d  relative_return_21d  relative_return_63d momentum_rank_63d  feature_ready_daily
0   AAPL 2023-01-03 05:00:00+00:00 2023-01-03 00:00:00+00:00  130.25  130.860  124.170  ...                NaN                NaN                  NaN                  NaN               NaN                False
1   AAPL 2023-01-04 05:00:00+00:00 2023-01-04 00:00:00+00:00  126.93  128.650  125.105  ...                NaN                NaN                  NaN                  NaN               NaN                False
2   AAPL 2023-01-05 05:00:00+00:00 2023-01-05 00:00:00+00:00  126.96  127.740  124.765  ...                NaN                NaN                  NaN                  NaN               NaN                False
3   AAPL 2023-01-06 05:00:00+00:00 2023-01-06 00:00:00+00:00  125.98  130.275  124.895  ...                NaN                NaN                  NaN                  NaN               NaN                False
4   AAPL 2023-01-09 05:00:00+00:00 2023-01-09 00:00:00+00:00  130.56  133.410  129.890  ...                NaN                NaN                  NaN                  NaN               NaN                False

[5 rows x 43 columns]
2026-03-26 02:04:30,579 - INFO : Snapshot feature table head:
  symbol             snapshot_time  latest_trade_price  previous_close  current_day_open  ...  latest_relative_return_63d  latest_momentum_rank_63d  feature_ready_daily  days_since_latest_bar  feature_ready_snapshot
0   AAPL 2026-03-25 19:59:59+00:00              252.61         251.760            254.32  ...                      0.0322                    0.6667                 True                    0.0                    True
1   ABNB 2026-03-25 19:59:56+00:00              131.81         130.025            130.90  ...                      0.0621                    0.7222                 True                    0.0                    True
2   ADBE 2026-03-25 19:59:59+00:00              237.26         238.860            241.74  ...                     -0.2372                    0.2444                 True                    0.0                    True
3   AFRM 2026-03-25 19:59:55+00:00               45.05          44.760             46.88  ...                     -0.3272                    0.0889                 True                    0.0                    True
4     AI 2026-03-25 19:59:56+00:00                8.29           8.280              8.53  ...                     -0.3336                    0.0778                 True                    0.0                    True

[5 rows x 38 columns]
2026-03-26 02:10:07,181 - INFO : Starting local stock feature test
2026-03-26 02:10:07,182 - INFO : Starting stock data extraction workflow
2026-03-26 02:10:07,182 - INFO : Starting daily stock bar extraction for 100 symbols from 2023-01-01 to 2026-03-26
2026-03-26 02:10:07,182 - INFO : Requesting daily bars page 1
2026-03-26 02:10:08,081 - INFO : Finished page 1. Running total rows extracted: 10000
2026-03-26 02:10:08,081 - INFO : Requesting daily bars page 2
2026-03-26 02:10:08,803 - INFO : Finished page 2. Running total rows extracted: 20000
2026-03-26 02:10:08,803 - INFO : Requesting daily bars page 3
2026-03-26 02:10:09,657 - INFO : Finished page 3. Running total rows extracted: 30000
2026-03-26 02:10:09,657 - INFO : Requesting daily bars page 4
2026-03-26 02:10:10,380 - INFO : Finished page 4. Running total rows extracted: 40000
2026-03-26 02:10:10,380 - INFO : Requesting daily bars page 5
2026-03-26 02:10:11,143 - INFO : Finished page 5. Running total rows extracted: 50000
2026-03-26 02:10:11,143 - INFO : Requesting daily bars page 6
2026-03-26 02:10:11,920 - INFO : Finished page 6. Running total rows extracted: 60000
2026-03-26 02:10:11,920 - INFO : Requesting daily bars page 7
2026-03-26 02:10:12,803 - INFO : Finished page 7. Running total rows extracted: 70000
2026-03-26 02:10:12,803 - INFO : Requesting daily bars page 8
2026-03-26 02:10:13,679 - INFO : Finished page 8. Running total rows extracted: 75780
2026-03-26 02:10:13,680 - INFO : Finished daily stock bar extraction. Total rows extracted: 75780
2026-03-26 02:10:13,680 - INFO : Starting stock snapshot extraction for 100 stocks
2026-03-26 02:10:14,040 - INFO : Finished stock snapshot extraction. Total rows extracted: 97
2026-03-26 02:10:14,106 - INFO : Converted 75780 rows into DataFrame for fact_stock_bars
2026-03-26 02:10:14,107 - INFO : Converted 97 rows into DataFrame for fact_stock_snapshot
2026-03-26 02:10:14,107 - INFO : Finished stock data extraction workflow
2026-03-26 02:10:14,107 - INFO : Starting transformation for FACT_STOCK_BARS
2026-03-26 02:10:16,100 - INFO : FACT_STOCK_BARS duplicate rows removed: 0
2026-03-26 02:10:16,100 - INFO : FACT_STOCK_BARS valid rows: 75779
2026-03-26 02:10:16,100 - INFO : FACT_STOCK_BARS rejected rows: 1
2026-03-26 02:10:16,101 - INFO : Starting transformation for FACT_STOCK_SNAPSHOT
2026-03-26 02:10:16,106 - INFO : FACT_STOCK_SNAPSHOT duplicate rows removed: 0
2026-03-26 02:10:16,106 - INFO : FACT_STOCK_SNAPSHOT valid rows: 97
2026-03-26 02:10:16,106 - INFO : FACT_STOCK_SNAPSHOT rejected rows: 0
2026-03-26 02:10:16,106 - INFO : Starting full stock feature workflow
2026-03-26 02:10:16,106 - INFO : Starting daily stock feature derivation
2026-03-26 02:10:16,292 - INFO : Finished daily stock feature derivation. Rows: 75779
2026-03-26 02:10:16,293 - INFO : Starting snapshot feature derivation
2026-03-26 02:10:16,305 - INFO : Finished snapshot feature derivation. Rows: 97
2026-03-26 02:10:16,305 - INFO : Finished full stock feature workflow
2026-03-26 02:10:16,305 - INFO : FACT_STOCK_BARS head:
  symbol             bar_timestamp                  bar_date    open     high      low    close   volume  trade_count        vwap            ingestion_time
0   AAPL 2023-01-03 05:00:00+00:00 2023-01-03 00:00:00+00:00  130.25  130.860  124.170  125.145  2123546        16801  125.784326 2026-03-26 02:10:07+00:00
1   AAPL 2023-01-04 05:00:00+00:00 2023-01-04 00:00:00+00:00  126.93  128.650  125.105  126.390  1638939        14761  126.692583 2026-03-26 02:10:07+00:00
2   AAPL 2023-01-05 05:00:00+00:00 2023-01-05 00:00:00+00:00  126.96  127.740  124.765  125.030  1440170        12850  126.261401 2026-03-26 02:10:07+00:00
3   AAPL 2023-01-06 05:00:00+00:00 2023-01-06 00:00:00+00:00  125.98  130.275  124.895  129.560  1349339        13173  128.167253 2026-03-26 02:10:07+00:00
4   AAPL 2023-01-09 05:00:00+00:00 2023-01-09 00:00:00+00:00  130.56  133.410  129.890  130.180  1236469        10899  131.931094 2026-03-26 02:10:07+00:00
2026-03-26 02:10:16,313 - INFO : FACT_STOCK_SNAPSHOT head:
  symbol             snapshot_time  latest_trade_price  previous_close  current_day_open  current_day_high  current_day_low  current_day_volume  current_day_vwap  current_day_trade_count            ingestion_time
0   AAPL 2026-03-25 19:59:59+00:00              252.61         251.760            254.32           254.845          251.600              771786        253.182665                    11543 2026-03-26 02:10:13+00:00
1   ABNB 2026-03-25 19:59:56+00:00              131.81         130.025            130.90           132.925          129.960              130434        131.777506                     2745 2026-03-26 02:10:13+00:00
2   ADBE 2026-03-25 19:59:59+00:00              237.26         238.860            241.74           243.450          233.890              251668        237.444113                     5485 2026-03-26 02:10:13+00:00
3   AFRM 2026-03-25 19:59:55+00:00               45.05          44.760             46.88            47.165           44.490              194980         46.001505                     2692 2026-03-26 02:10:13+00:00
4     AI 2026-03-25 19:59:56+00:00                8.29           8.280              8.53             8.655            8.105              233212          8.260224                     2733 2026-03-26 02:10:13+00:00
2026-03-26 02:10:16,319 - INFO : FACT_STOCK_FEATURES_DAILY head:
  symbol             bar_timestamp                  bar_date            ingestion_time  return_1d  ...  market_return_63d  relative_return_21d  relative_return_63d  momentum_rank_63d  feature_ready_daily
0   AAPL 2023-01-03 05:00:00+00:00 2023-01-03 00:00:00+00:00 2026-03-26 02:10:07+00:00        NaN  ...                NaN                  NaN                  NaN                NaN                False
1   AAPL 2023-01-04 05:00:00+00:00 2023-01-04 00:00:00+00:00 2026-03-26 02:10:07+00:00     0.0099  ...                NaN                  NaN                  NaN                NaN                False
2   AAPL 2023-01-05 05:00:00+00:00 2023-01-05 00:00:00+00:00 2026-03-26 02:10:07+00:00    -0.0108  ...                NaN                  NaN                  NaN                NaN                False
3   AAPL 2023-01-06 05:00:00+00:00 2023-01-06 00:00:00+00:00 2026-03-26 02:10:07+00:00     0.0362  ...                NaN                  NaN                  NaN                NaN                False
4   AAPL 2023-01-09 05:00:00+00:00 2023-01-09 00:00:00+00:00 2026-03-26 02:10:07+00:00     0.0048  ...                NaN                  NaN                  NaN                NaN                False

[5 rows x 36 columns]
2026-03-26 02:10:16,337 - INFO : FACT_STOCK_SNAPSHOT_FEATURES head:
  symbol             snapshot_time            ingestion_time  open_gap_pct  ...  latest_relative_return_63d  latest_momentum_rank_63d  feature_ready_daily  feature_ready_snapshot
0   AAPL 2026-03-25 19:59:59+00:00 2026-03-26 02:10:13+00:00        0.0102  ...                      0.0322                    0.6667                 True                    True
1   ABNB 2026-03-25 19:59:56+00:00 2026-03-26 02:10:13+00:00        0.0067  ...                      0.0621                    0.7222                 True                    True
2   ADBE 2026-03-25 19:59:59+00:00 2026-03-26 02:10:13+00:00        0.0121  ...                     -0.2372                    0.2444                 True                    True
3   AFRM 2026-03-25 19:59:55+00:00 2026-03-26 02:10:13+00:00        0.0474  ...                     -0.3272                    0.0889                 True                    True
4     AI 2026-03-25 19:59:56+00:00 2026-03-26 02:10:13+00:00        0.0302  ...                     -0.3336                    0.0778                 True                    True

[5 rows x 29 columns]
2026-03-26 02:10:16,352 - INFO : FACT_STOCK_BARS shape: (75779, 11)
2026-03-26 02:10:16,352 - INFO : FACT_STOCK_SNAPSHOT shape: (97, 11)
2026-03-26 02:10:16,352 - INFO : FACT_STOCK_FEATURES_DAILY shape: (75779, 36)
2026-03-26 02:10:16,352 - INFO : FACT_STOCK_SNAPSHOT_FEATURES shape: (97, 29)
